<?xml version="1.0" encoding="UTF-8" ?>
<testsuite tests="1" failures="1" name="GameTest" time="0.011" errors="0" skipped="0">
  <properties>
    <property name="java.runtime.name" value="Java(TM) SE Runtime Environment"/>
    <property name="sun.boot.library.path" value="/Library/Java/JavaVirtualMachines/jdk1.8.0_101.jdk/Contents/Home/jre/lib"/>
    <property name="java.vm.version" value="25.101-b13"/>
    <property name="gopherProxySet" value="false"/>
    <property name="java.vm.vendor" value="Oracle Corporation"/>
    <property name="maven.multiModuleProjectDirectory" value="/Users/suryakona/workspace/interview/interview-challenge"/>
    <property name="java.vendor.url" value="http://java.oracle.com/"/>
    <property name="path.separator" value=":"/>
    <property name="guice.disable.misplaced.annotation.check" value="true"/>
    <property name="java.vm.name" value="Java HotSpot(TM) 64-Bit Server VM"/>
    <property name="file.encoding.pkg" value="sun.io"/>
    <property name="user.country" value="GB"/>
    <property name="sun.java.launcher" value="SUN_STANDARD"/>
    <property name="sun.os.patch.level" value="unknown"/>
    <property name="java.vm.specification.name" value="Java Virtual Machine Specification"/>
    <property name="user.dir" value="/Users/suryakona/workspace/interview/interview-challenge"/>
    <property name="java.runtime.version" value="1.8.0_101-b13"/>
    <property name="java.awt.graphicsenv" value="sun.awt.CGraphicsEnvironment"/>
    <property name="java.endorsed.dirs" value="/Library/Java/JavaVirtualMachines/jdk1.8.0_101.jdk/Contents/Home/jre/lib/endorsed"/>
    <property name="os.arch" value="x86_64"/>
    <property name="java.io.tmpdir" value="/var/folders/ct/9_srmln55cjfxm2_30dwjjkh0000gn/T/"/>
    <property name="line.separator" value="
"/>
    <property name="java.vm.specification.vendor" value="Oracle Corporation"/>
    <property name="os.name" value="Mac OS X"/>
    <property name="classworlds.conf" value="/Users/suryakona/workspace/apache-maven-3.3.9/bin/m2.conf"/>
    <property name="sun.jnu.encoding" value="UTF-8"/>
    <property name="java.library.path" value="/Users/suryakona/Library/Java/Extensions:/Library/Java/Extensions:/Network/Library/Java/Extensions:/System/Library/Java/Extensions:/usr/lib/java:."/>
    <property name="java.specification.name" value="Java Platform API Specification"/>
    <property name="java.class.version" value="52.0"/>
    <property name="sun.management.compiler" value="HotSpot 64-Bit Tiered Compilers"/>
    <property name="os.version" value="10.13.6"/>
    <property name="http.nonProxyHosts" value="local|*.local|169.254/16|*.169.254/16|5.79.56.64/28|*.5.79.56.64/28|10.218.0.0/32|*.10.218.0.0/32|10.216.0.0/15|*.10.216.0.0/15|10.208.0.0/13|*.10.208.0.0/13|10.192.0.0/12|*.10.192.0.0/12|10.128.0.0/10|*.10.128.0.0/10|10.0.0.0/9|*.10.0.0.0/9|10.218.0.2/31|*.10.218.0.2/31|10.218.0.4/30|*.10.218.0.4/30|10.218.0.8/29|*.10.218.0.8/29|10.218.0.16/28|*.10.218.0.16/28|10.218.0.32/27|*.10.218.0.32/27|10.218.0.64/26|*.10.218.0.64/26|10.218.0.128/25|*.10.218.0.128/25|10.218.1.0/24|*.10.218.1.0/24|10.218.2.0/23|*.10.218.2.0/23|10.218.4.0/22|*.10.218.4.0/22|10.218.8.0/21|*.10.218.8.0/21|10.218.16.0/20|*.10.218.16.0/20|10.218.32.0/19|*.10.218.32.0/19|10.218.64.0/18|*.10.218.64.0/18|10.218.128.0/17|*.10.218.128.0/17|10.219.0.0/16|*.10.219.0.0/16|10.220.0.0/14|*.10.220.0.0/14|10.224.0.0/11|*.10.224.0.0/11|31.222.128.160/28|*.31.222.128.160/28|34.212.153.0/24|*.34.212.153.0/24|35.156.0.0/16|*.35.156.0.0/16|35.157.135.196/32|*.35.157.135.196/32|35.158.0.0/16|*.35.158.0.0/16|37.128.183.192/26|*.37.128.183.192/26|37.131.240.0/24|*.37.131.240.0/24|37.188.119.108/30|*.37.188.119.108/30|46.38.183.176/28|*.46.38.183.176/28|46.137.156.204/32|*.46.137.156.204/32|46.137.159.46/32|*.46.137.159.46/32|46.137.159.50/31|*.46.137.159.50/31|46.137.159.54/32|*.46.137.159.54/32|52.28.0.0/15|*.52.28.0.0/15|52.57.0.0/16|*.52.57.0.0/16|52.58.0.0/15|*.52.58.0.0/15|52.76.52.0/24|*.52.76.52.0/24|52.210.160.0/24|*.52.210.160.0/24|52.220.66.0/24|*.52.220.66.0/24|54.68.83.0/24|*.54.68.83.0/24|54.77.173.0/24|*.54.77.173.0/24|54.93.170.130/32|*.54.93.170.130/32|54.93.170.171/32|*.54.93.170.171/32|54.217.232.104/32|*.54.217.232.104/32|54.248.95.92/32|*.54.248.95.92/32|54.248.225.44/32|*.54.248.225.44/32|62.48.69.22/32|*.62.48.69.22/32|62.48.70.192/27|*.62.48.70.192/27|62.48.72.128/25|*.62.48.72.128/25|62.48.74.10/31|*.62.48.74.10/31|62.48.77.1/32|*.62.48.77.1/32|62.48.77.2/31|*.62.48.77.2/31|62.48.77.4/30|*.62.48.77.4/30|62.48.77.8/29|*.62.48.77.8/29|62.48.77.16/28|*.62.48.77.16/28|62.48.77.32/27|*.62.48.77.32/27|62.48.77.64/26|*.62.48.77.64/26|62.48.77.128/25|*.62.48.77.128/25|62.48.79.1/32|*.62.48.79.1/32|62.48.79.2/31|*.62.48.79.2/31|62.48.79.4/30|*.62.48.79.4/30|62.48.79.8/29|*.62.48.79.8/29|62.48.79.16/28|*.62.48.79.16/28|62.48.79.32/27|*.62.48.79.32/27|62.48.79.64/26|*.62.48.79.64/26|62.48.79.254/32|*.62.48.79.254/32|62.48.79.252/31|*.62.48.79.252/31|62.48.79.248/30|*.62.48.79.248/30|62.48.79.240/29|*.62.48.79.240/29|62.48.79.224/28|*.62.48.79.224/28|62.48.79.192/27|*.62.48.79.192/27|62.48.79.128/26|*.62.48.79.128/26|62.48.81.128/25|*.62.48.81.128/25|62.48.92.27/32|*.62.48.92.27/32|62.48.92.28/32|*.62.48.92.28/32|62.162.111.40/29|*.62.162.111.40/29|62.168.73.142/32|*.62.168.73.142/32|64.208.92.4/32|*.64.208.92.4/32|64.212.229.32/27|*.64.212.229.32/27|64.212.233.116/32|*.64.212.233.116/32|64.215.234.48/28|*.64.215.234.48/28|78.136.47.192/28|*.78.136.47.192/28|79.125.5.56/32|*.79.125.5.56/32|94.107.193.224/27|*.94.107.193.224/27|94.236.106.48/28|*.94.236.106.48/28|95.138.138.48/28|*.95.138.138.48/28|95.138.152.198/31|*.95.138.152.198/31|95.138.157.144/28|*.95.138.157.144/28|107.21.119.137/32|*.107.21.119.137/32|111.67.46.0/25|*.111.67.46.0/25|119.9.64.48/30|*.119.9.64.48/30|159.63.209.196/32|*.159.63.209.196/32|159.63.209.204/32|*.159.63.209.204/32|159.63.228.100/32|*.159.63.228.100/32|162.13.129.108/30|*.162.13.129.108/30|162.97.68.164/32|*.162.97.68.164/32|162.97.226.132/32|*.162.97.226.132/32|164.177.143.192/28|*.164.177.143.192/28|172.16.20.0/24|*.172.16.20.0/24|172.16.51.0/24|*.172.16.51.0/24|172.18.10.0/23|*.172.18.10.0/23|172.19.2.0/23|*.172.19.2.0/23|172.20.9.18/32|*.172.20.9.18/32|172.21.13.0/24|*.172.21.13.0/24|172.22.41.0/24|*.172.22.41.0/24|172.23.0.0/16|*.172.23.0.0/16|172.24.0.0/23|*.172.24.0.0/23|172.24.3.0/24|*.172.24.3.0/24|172.25.0.0/16|*.172.25.0.0/16|172.26.0.0/15|*.172.26.0.0/15|172.28.194.128/25|*.172.28.194.128/25|172.29.0.0/16|*.172.29.0.0/16|172.31.11.0/24|*.172.31.11.0/24|172.31.37.0/24|*.172.31.37.0/24|172.31.64.0/18|*.172.31.64.0/18|172.31.132.0/29|*.172.31.132.0/29|172.31.128.0/22|*.172.31.128.0/22|172.31.192.0/21|*.172.31.192.0/21|174.129.10.164/32|*.174.129.10.164/32|174.129.23.17/32|*.174.129.23.17/32|180.150.136.32/28|*.180.150.136.32/28|184.72.253.71/32|*.184.72.253.71/32|184.73.152.34/32|*.184.73.152.34/32|192.168.15.168/32|*.192.168.15.168/32|192.168.22.0/23|*.192.168.22.0/23|192.168.55.0/24|*.192.168.55.0/24|192.168.64.0/24|*.192.168.64.0/24|193.154.157.0/24|*.193.154.157.0/24|194.113.128.0/24|*.194.113.128.0/24|194.113.176.33/32|*.194.113.176.33/32|194.113.176.63/32|*.194.113.176.63/32|194.113.177.0/24|*.194.113.177.0/24|194.152.100.158/32|*.194.152.100.158/32|194.152.100.156/31|*.194.152.100.156/31|194.152.100.152/30|*.194.152.100.152/30|194.152.100.144/29|*.194.152.100.144/29|195.22.136.0/23|*.195.22.136.0/23|195.49.157.0/24|*.195.49.157.0/24|195.49.158.0/25|*.195.49.158.0/25|195.49.158.156/32|*.195.49.158.156/32|195.49.159.0/24|*.195.49.159.0/24|195.168.65.131/32|*.195.168.65.131/32|195.168.65.132/32|*.195.168.65.132/32|195.238.160.0/24|*.195.238.160.0/24|195.238.163.0/24|*.195.238.163.0/24|203.115.212.192/26|*.203.115.212.192/26|206.41.28.52/32|*.206.41.28.52/32|207.138.115.26/31|*.207.138.115.26/31|207.218.168.5/32|*.207.218.168.5/32|207.218.168.92/32|*.207.218.168.92/32|208.49.79.29/32|*.208.49.79.29/32|208.49.79.30/32|*.208.49.79.30/32|213.144.18.0/24|*.213.144.18.0/24|213.239.216.135/32|*.213.239.216.135/32|217.156.254.80/28|*.217.156.254.80/28"/>
    <property name="user.home" value="/Users/suryakona"/>
    <property name="user.timezone" value="Europe/London"/>
    <property name="java.awt.printerjob" value="sun.lwawt.macosx.CPrinterJob"/>
    <property name="java.specification.version" value="1.8"/>
    <property name="file.encoding" value="UTF-8"/>
    <property name="user.name" value="suryakona"/>
    <property name="java.class.path" value="/Users/suryakona/workspace/apache-maven-3.3.9/boot/plexus-classworlds-2.5.2.jar"/>
    <property name="java.vm.specification.version" value="1.8"/>
    <property name="sun.arch.data.model" value="64"/>
    <property name="java.home" value="/Library/Java/JavaVirtualMachines/jdk1.8.0_101.jdk/Contents/Home/jre"/>
    <property name="sun.java.command" value="org.codehaus.plexus.classworlds.launcher.Launcher clean install"/>
    <property name="java.specification.vendor" value="Oracle Corporation"/>
    <property name="user.language" value="en"/>
    <property name="awt.toolkit" value="sun.lwawt.macosx.LWCToolkit"/>
    <property name="java.vm.info" value="mixed mode"/>
    <property name="java.version" value="1.8.0_101"/>
    <property name="java.ext.dirs" value="/Users/suryakona/Library/Java/Extensions:/Library/Java/JavaVirtualMachines/jdk1.8.0_101.jdk/Contents/Home/jre/lib/ext:/Library/Java/Extensions:/Network/Library/Java/Extensions:/System/Library/Java/Extensions:/usr/lib/java"/>
    <property name="sun.boot.class.path" value="/Library/Java/JavaVirtualMachines/jdk1.8.0_101.jdk/Contents/Home/jre/lib/resources.jar:/Library/Java/JavaVirtualMachines/jdk1.8.0_101.jdk/Contents/Home/jre/lib/rt.jar:/Library/Java/JavaVirtualMachines/jdk1.8.0_101.jdk/Contents/Home/jre/lib/sunrsasign.jar:/Library/Java/JavaVirtualMachines/jdk1.8.0_101.jdk/Contents/Home/jre/lib/jsse.jar:/Library/Java/JavaVirtualMachines/jdk1.8.0_101.jdk/Contents/Home/jre/lib/jce.jar:/Library/Java/JavaVirtualMachines/jdk1.8.0_101.jdk/Contents/Home/jre/lib/charsets.jar:/Library/Java/JavaVirtualMachines/jdk1.8.0_101.jdk/Contents/Home/jre/lib/jfr.jar:/Library/Java/JavaVirtualMachines/jdk1.8.0_101.jdk/Contents/Home/jre/classes"/>
    <property name="java.vendor" value="Oracle Corporation"/>
    <property name="maven.home" value="/Users/suryakona/workspace/apache-maven-3.3.9"/>
    <property name="file.separator" value="/"/>
    <property name="java.vendor.url.bug" value="http://bugreport.sun.com/bugreport/"/>
    <property name="sun.cpu.endian" value="little"/>
    <property name="sun.io.unicode.encoding" value="UnicodeBig"/>
    <property name="socksNonProxyHosts" value="local|*.local|169.254/16|*.169.254/16|5.79.56.64/28|*.5.79.56.64/28|10.218.0.0/32|*.10.218.0.0/32|10.216.0.0/15|*.10.216.0.0/15|10.208.0.0/13|*.10.208.0.0/13|10.192.0.0/12|*.10.192.0.0/12|10.128.0.0/10|*.10.128.0.0/10|10.0.0.0/9|*.10.0.0.0/9|10.218.0.2/31|*.10.218.0.2/31|10.218.0.4/30|*.10.218.0.4/30|10.218.0.8/29|*.10.218.0.8/29|10.218.0.16/28|*.10.218.0.16/28|10.218.0.32/27|*.10.218.0.32/27|10.218.0.64/26|*.10.218.0.64/26|10.218.0.128/25|*.10.218.0.128/25|10.218.1.0/24|*.10.218.1.0/24|10.218.2.0/23|*.10.218.2.0/23|10.218.4.0/22|*.10.218.4.0/22|10.218.8.0/21|*.10.218.8.0/21|10.218.16.0/20|*.10.218.16.0/20|10.218.32.0/19|*.10.218.32.0/19|10.218.64.0/18|*.10.218.64.0/18|10.218.128.0/17|*.10.218.128.0/17|10.219.0.0/16|*.10.219.0.0/16|10.220.0.0/14|*.10.220.0.0/14|10.224.0.0/11|*.10.224.0.0/11|31.222.128.160/28|*.31.222.128.160/28|34.212.153.0/24|*.34.212.153.0/24|35.156.0.0/16|*.35.156.0.0/16|35.157.135.196/32|*.35.157.135.196/32|35.158.0.0/16|*.35.158.0.0/16|37.128.183.192/26|*.37.128.183.192/26|37.131.240.0/24|*.37.131.240.0/24|37.188.119.108/30|*.37.188.119.108/30|46.38.183.176/28|*.46.38.183.176/28|46.137.156.204/32|*.46.137.156.204/32|46.137.159.46/32|*.46.137.159.46/32|46.137.159.50/31|*.46.137.159.50/31|46.137.159.54/32|*.46.137.159.54/32|52.28.0.0/15|*.52.28.0.0/15|52.57.0.0/16|*.52.57.0.0/16|52.58.0.0/15|*.52.58.0.0/15|52.76.52.0/24|*.52.76.52.0/24|52.210.160.0/24|*.52.210.160.0/24|52.220.66.0/24|*.52.220.66.0/24|54.68.83.0/24|*.54.68.83.0/24|54.77.173.0/24|*.54.77.173.0/24|54.93.170.130/32|*.54.93.170.130/32|54.93.170.171/32|*.54.93.170.171/32|54.217.232.104/32|*.54.217.232.104/32|54.248.95.92/32|*.54.248.95.92/32|54.248.225.44/32|*.54.248.225.44/32|62.48.69.22/32|*.62.48.69.22/32|62.48.70.192/27|*.62.48.70.192/27|62.48.72.128/25|*.62.48.72.128/25|62.48.74.10/31|*.62.48.74.10/31|62.48.77.1/32|*.62.48.77.1/32|62.48.77.2/31|*.62.48.77.2/31|62.48.77.4/30|*.62.48.77.4/30|62.48.77.8/29|*.62.48.77.8/29|62.48.77.16/28|*.62.48.77.16/28|62.48.77.32/27|*.62.48.77.32/27|62.48.77.64/26|*.62.48.77.64/26|62.48.77.128/25|*.62.48.77.128/25|62.48.79.1/32|*.62.48.79.1/32|62.48.79.2/31|*.62.48.79.2/31|62.48.79.4/30|*.62.48.79.4/30|62.48.79.8/29|*.62.48.79.8/29|62.48.79.16/28|*.62.48.79.16/28|62.48.79.32/27|*.62.48.79.32/27|62.48.79.64/26|*.62.48.79.64/26|62.48.79.254/32|*.62.48.79.254/32|62.48.79.252/31|*.62.48.79.252/31|62.48.79.248/30|*.62.48.79.248/30|62.48.79.240/29|*.62.48.79.240/29|62.48.79.224/28|*.62.48.79.224/28|62.48.79.192/27|*.62.48.79.192/27|62.48.79.128/26|*.62.48.79.128/26|62.48.81.128/25|*.62.48.81.128/25|62.48.92.27/32|*.62.48.92.27/32|62.48.92.28/32|*.62.48.92.28/32|62.162.111.40/29|*.62.162.111.40/29|62.168.73.142/32|*.62.168.73.142/32|64.208.92.4/32|*.64.208.92.4/32|64.212.229.32/27|*.64.212.229.32/27|64.212.233.116/32|*.64.212.233.116/32|64.215.234.48/28|*.64.215.234.48/28|78.136.47.192/28|*.78.136.47.192/28|79.125.5.56/32|*.79.125.5.56/32|94.107.193.224/27|*.94.107.193.224/27|94.236.106.48/28|*.94.236.106.48/28|95.138.138.48/28|*.95.138.138.48/28|95.138.152.198/31|*.95.138.152.198/31|95.138.157.144/28|*.95.138.157.144/28|107.21.119.137/32|*.107.21.119.137/32|111.67.46.0/25|*.111.67.46.0/25|119.9.64.48/30|*.119.9.64.48/30|159.63.209.196/32|*.159.63.209.196/32|159.63.209.204/32|*.159.63.209.204/32|159.63.228.100/32|*.159.63.228.100/32|162.13.129.108/30|*.162.13.129.108/30|162.97.68.164/32|*.162.97.68.164/32|162.97.226.132/32|*.162.97.226.132/32|164.177.143.192/28|*.164.177.143.192/28|172.16.20.0/24|*.172.16.20.0/24|172.16.51.0/24|*.172.16.51.0/24|172.18.10.0/23|*.172.18.10.0/23|172.19.2.0/23|*.172.19.2.0/23|172.20.9.18/32|*.172.20.9.18/32|172.21.13.0/24|*.172.21.13.0/24|172.22.41.0/24|*.172.22.41.0/24|172.23.0.0/16|*.172.23.0.0/16|172.24.0.0/23|*.172.24.0.0/23|172.24.3.0/24|*.172.24.3.0/24|172.25.0.0/16|*.172.25.0.0/16|172.26.0.0/15|*.172.26.0.0/15|172.28.194.128/25|*.172.28.194.128/25|172.29.0.0/16|*.172.29.0.0/16|172.31.11.0/24|*.172.31.11.0/24|172.31.37.0/24|*.172.31.37.0/24|172.31.64.0/18|*.172.31.64.0/18|172.31.132.0/29|*.172.31.132.0/29|172.31.128.0/22|*.172.31.128.0/22|172.31.192.0/21|*.172.31.192.0/21|174.129.10.164/32|*.174.129.10.164/32|174.129.23.17/32|*.174.129.23.17/32|180.150.136.32/28|*.180.150.136.32/28|184.72.253.71/32|*.184.72.253.71/32|184.73.152.34/32|*.184.73.152.34/32|192.168.15.168/32|*.192.168.15.168/32|192.168.22.0/23|*.192.168.22.0/23|192.168.55.0/24|*.192.168.55.0/24|192.168.64.0/24|*.192.168.64.0/24|193.154.157.0/24|*.193.154.157.0/24|194.113.128.0/24|*.194.113.128.0/24|194.113.176.33/32|*.194.113.176.33/32|194.113.176.63/32|*.194.113.176.63/32|194.113.177.0/24|*.194.113.177.0/24|194.152.100.158/32|*.194.152.100.158/32|194.152.100.156/31|*.194.152.100.156/31|194.152.100.152/30|*.194.152.100.152/30|194.152.100.144/29|*.194.152.100.144/29|195.22.136.0/23|*.195.22.136.0/23|195.49.157.0/24|*.195.49.157.0/24|195.49.158.0/25|*.195.49.158.0/25|195.49.158.156/32|*.195.49.158.156/32|195.49.159.0/24|*.195.49.159.0/24|195.168.65.131/32|*.195.168.65.131/32|195.168.65.132/32|*.195.168.65.132/32|195.238.160.0/24|*.195.238.160.0/24|195.238.163.0/24|*.195.238.163.0/24|203.115.212.192/26|*.203.115.212.192/26|206.41.28.52/32|*.206.41.28.52/32|207.138.115.26/31|*.207.138.115.26/31|207.218.168.5/32|*.207.218.168.5/32|207.218.168.92/32|*.207.218.168.92/32|208.49.79.29/32|*.208.49.79.29/32|208.49.79.30/32|*.208.49.79.30/32|213.144.18.0/24|*.213.144.18.0/24|213.239.216.135/32|*.213.239.216.135/32|217.156.254.80/28|*.217.156.254.80/28"/>
    <property name="ftp.nonProxyHosts" value="local|*.local|169.254/16|*.169.254/16|5.79.56.64/28|*.5.79.56.64/28|10.218.0.0/32|*.10.218.0.0/32|10.216.0.0/15|*.10.216.0.0/15|10.208.0.0/13|*.10.208.0.0/13|10.192.0.0/12|*.10.192.0.0/12|10.128.0.0/10|*.10.128.0.0/10|10.0.0.0/9|*.10.0.0.0/9|10.218.0.2/31|*.10.218.0.2/31|10.218.0.4/30|*.10.218.0.4/30|10.218.0.8/29|*.10.218.0.8/29|10.218.0.16/28|*.10.218.0.16/28|10.218.0.32/27|*.10.218.0.32/27|10.218.0.64/26|*.10.218.0.64/26|10.218.0.128/25|*.10.218.0.128/25|10.218.1.0/24|*.10.218.1.0/24|10.218.2.0/23|*.10.218.2.0/23|10.218.4.0/22|*.10.218.4.0/22|10.218.8.0/21|*.10.218.8.0/21|10.218.16.0/20|*.10.218.16.0/20|10.218.32.0/19|*.10.218.32.0/19|10.218.64.0/18|*.10.218.64.0/18|10.218.128.0/17|*.10.218.128.0/17|10.219.0.0/16|*.10.219.0.0/16|10.220.0.0/14|*.10.220.0.0/14|10.224.0.0/11|*.10.224.0.0/11|31.222.128.160/28|*.31.222.128.160/28|34.212.153.0/24|*.34.212.153.0/24|35.156.0.0/16|*.35.156.0.0/16|35.157.135.196/32|*.35.157.135.196/32|35.158.0.0/16|*.35.158.0.0/16|37.128.183.192/26|*.37.128.183.192/26|37.131.240.0/24|*.37.131.240.0/24|37.188.119.108/30|*.37.188.119.108/30|46.38.183.176/28|*.46.38.183.176/28|46.137.156.204/32|*.46.137.156.204/32|46.137.159.46/32|*.46.137.159.46/32|46.137.159.50/31|*.46.137.159.50/31|46.137.159.54/32|*.46.137.159.54/32|52.28.0.0/15|*.52.28.0.0/15|52.57.0.0/16|*.52.57.0.0/16|52.58.0.0/15|*.52.58.0.0/15|52.76.52.0/24|*.52.76.52.0/24|52.210.160.0/24|*.52.210.160.0/24|52.220.66.0/24|*.52.220.66.0/24|54.68.83.0/24|*.54.68.83.0/24|54.77.173.0/24|*.54.77.173.0/24|54.93.170.130/32|*.54.93.170.130/32|54.93.170.171/32|*.54.93.170.171/32|54.217.232.104/32|*.54.217.232.104/32|54.248.95.92/32|*.54.248.95.92/32|54.248.225.44/32|*.54.248.225.44/32|62.48.69.22/32|*.62.48.69.22/32|62.48.70.192/27|*.62.48.70.192/27|62.48.72.128/25|*.62.48.72.128/25|62.48.74.10/31|*.62.48.74.10/31|62.48.77.1/32|*.62.48.77.1/32|62.48.77.2/31|*.62.48.77.2/31|62.48.77.4/30|*.62.48.77.4/30|62.48.77.8/29|*.62.48.77.8/29|62.48.77.16/28|*.62.48.77.16/28|62.48.77.32/27|*.62.48.77.32/27|62.48.77.64/26|*.62.48.77.64/26|62.48.77.128/25|*.62.48.77.128/25|62.48.79.1/32|*.62.48.79.1/32|62.48.79.2/31|*.62.48.79.2/31|62.48.79.4/30|*.62.48.79.4/30|62.48.79.8/29|*.62.48.79.8/29|62.48.79.16/28|*.62.48.79.16/28|62.48.79.32/27|*.62.48.79.32/27|62.48.79.64/26|*.62.48.79.64/26|62.48.79.254/32|*.62.48.79.254/32|62.48.79.252/31|*.62.48.79.252/31|62.48.79.248/30|*.62.48.79.248/30|62.48.79.240/29|*.62.48.79.240/29|62.48.79.224/28|*.62.48.79.224/28|62.48.79.192/27|*.62.48.79.192/27|62.48.79.128/26|*.62.48.79.128/26|62.48.81.128/25|*.62.48.81.128/25|62.48.92.27/32|*.62.48.92.27/32|62.48.92.28/32|*.62.48.92.28/32|62.162.111.40/29|*.62.162.111.40/29|62.168.73.142/32|*.62.168.73.142/32|64.208.92.4/32|*.64.208.92.4/32|64.212.229.32/27|*.64.212.229.32/27|64.212.233.116/32|*.64.212.233.116/32|64.215.234.48/28|*.64.215.234.48/28|78.136.47.192/28|*.78.136.47.192/28|79.125.5.56/32|*.79.125.5.56/32|94.107.193.224/27|*.94.107.193.224/27|94.236.106.48/28|*.94.236.106.48/28|95.138.138.48/28|*.95.138.138.48/28|95.138.152.198/31|*.95.138.152.198/31|95.138.157.144/28|*.95.138.157.144/28|107.21.119.137/32|*.107.21.119.137/32|111.67.46.0/25|*.111.67.46.0/25|119.9.64.48/30|*.119.9.64.48/30|159.63.209.196/32|*.159.63.209.196/32|159.63.209.204/32|*.159.63.209.204/32|159.63.228.100/32|*.159.63.228.100/32|162.13.129.108/30|*.162.13.129.108/30|162.97.68.164/32|*.162.97.68.164/32|162.97.226.132/32|*.162.97.226.132/32|164.177.143.192/28|*.164.177.143.192/28|172.16.20.0/24|*.172.16.20.0/24|172.16.51.0/24|*.172.16.51.0/24|172.18.10.0/23|*.172.18.10.0/23|172.19.2.0/23|*.172.19.2.0/23|172.20.9.18/32|*.172.20.9.18/32|172.21.13.0/24|*.172.21.13.0/24|172.22.41.0/24|*.172.22.41.0/24|172.23.0.0/16|*.172.23.0.0/16|172.24.0.0/23|*.172.24.0.0/23|172.24.3.0/24|*.172.24.3.0/24|172.25.0.0/16|*.172.25.0.0/16|172.26.0.0/15|*.172.26.0.0/15|172.28.194.128/25|*.172.28.194.128/25|172.29.0.0/16|*.172.29.0.0/16|172.31.11.0/24|*.172.31.11.0/24|172.31.37.0/24|*.172.31.37.0/24|172.31.64.0/18|*.172.31.64.0/18|172.31.132.0/29|*.172.31.132.0/29|172.31.128.0/22|*.172.31.128.0/22|172.31.192.0/21|*.172.31.192.0/21|174.129.10.164/32|*.174.129.10.164/32|174.129.23.17/32|*.174.129.23.17/32|180.150.136.32/28|*.180.150.136.32/28|184.72.253.71/32|*.184.72.253.71/32|184.73.152.34/32|*.184.73.152.34/32|192.168.15.168/32|*.192.168.15.168/32|192.168.22.0/23|*.192.168.22.0/23|192.168.55.0/24|*.192.168.55.0/24|192.168.64.0/24|*.192.168.64.0/24|193.154.157.0/24|*.193.154.157.0/24|194.113.128.0/24|*.194.113.128.0/24|194.113.176.33/32|*.194.113.176.33/32|194.113.176.63/32|*.194.113.176.63/32|194.113.177.0/24|*.194.113.177.0/24|194.152.100.158/32|*.194.152.100.158/32|194.152.100.156/31|*.194.152.100.156/31|194.152.100.152/30|*.194.152.100.152/30|194.152.100.144/29|*.194.152.100.144/29|195.22.136.0/23|*.195.22.136.0/23|195.49.157.0/24|*.195.49.157.0/24|195.49.158.0/25|*.195.49.158.0/25|195.49.158.156/32|*.195.49.158.156/32|195.49.159.0/24|*.195.49.159.0/24|195.168.65.131/32|*.195.168.65.131/32|195.168.65.132/32|*.195.168.65.132/32|195.238.160.0/24|*.195.238.160.0/24|195.238.163.0/24|*.195.238.163.0/24|203.115.212.192/26|*.203.115.212.192/26|206.41.28.52/32|*.206.41.28.52/32|207.138.115.26/31|*.207.138.115.26/31|207.218.168.5/32|*.207.218.168.5/32|207.218.168.92/32|*.207.218.168.92/32|208.49.79.29/32|*.208.49.79.29/32|208.49.79.30/32|*.208.49.79.30/32|213.144.18.0/24|*.213.144.18.0/24|213.239.216.135/32|*.213.239.216.135/32|217.156.254.80/28|*.217.156.254.80/28"/>
    <property name="sun.cpu.isalist" value=""/>
  </properties>
  <testcase classname="GameTest" name="firstGameTest" time="0.011">
    <failure message="Test Test Failed expected:&lt;[Yes WWSS]&gt; but was:&lt;[]&gt;" type="org.junit.ComparisonFailure">org.junit.ComparisonFailure: Test Test Failed expected:&lt;[Yes WWSS]&gt; but was:&lt;[]&gt;
	at org.junit.Assert.assertEquals(Assert.java:115)
	at GameTest.firstGameTest(GameTest.java:9)
	at sun.reflect.NativeMethodAccessorImpl.invoke0(Native Method)
	at sun.reflect.NativeMethodAccessorImpl.invoke(NativeMethodAccessorImpl.java:62)
	at sun.reflect.DelegatingMethodAccessorImpl.invoke(DelegatingMethodAccessorImpl.java:43)
	at java.lang.reflect.Method.invoke(Method.java:498)
	at org.junit.runners.model.FrameworkMethod$1.runReflectiveCall(FrameworkMethod.java:50)
	at org.junit.internal.runners.model.ReflectiveCallable.run(ReflectiveCallable.java:12)
	at org.junit.runners.model.FrameworkMethod.invokeExplosively(FrameworkMethod.java:47)
	at org.junit.internal.runners.statements.InvokeMethod.evaluate(InvokeMethod.java:17)
	at org.junit.runners.ParentRunner.runLeaf(ParentRunner.java:325)
	at org.junit.runners.BlockJUnit4ClassRunner.runChild(BlockJUnit4ClassRunner.java:78)
	at org.junit.runners.BlockJUnit4ClassRunner.runChild(BlockJUnit4ClassRunner.java:57)
	at org.junit.runners.ParentRunner$3.run(ParentRunner.java:290)
	at org.junit.runners.ParentRunner$1.schedule(ParentRunner.java:71)
	at org.junit.runners.ParentRunner.runChildren(ParentRunner.java:288)
	at org.junit.runners.ParentRunner.access$000(ParentRunner.java:58)
	at org.junit.runners.ParentRunner$2.evaluate(ParentRunner.java:268)
	at org.junit.runners.ParentRunner.run(ParentRunner.java:363)
	at org.apache.maven.surefire.junit4.JUnit4Provider.execute(JUnit4Provider.java:252)
	at org.apache.maven.surefire.junit4.JUnit4Provider.executeTestSet(JUnit4Provider.java:141)
	at org.apache.maven.surefire.junit4.JUnit4Provider.invoke(JUnit4Provider.java:112)
	at sun.reflect.NativeMethodAccessorImpl.invoke0(Native Method)
	at sun.reflect.NativeMethodAccessorImpl.invoke(NativeMethodAccessorImpl.java:62)
	at sun.reflect.DelegatingMethodAccessorImpl.invoke(DelegatingMethodAccessorImpl.java:43)
	at java.lang.reflect.Method.invoke(Method.java:498)
	at org.apache.maven.surefire.util.ReflectionUtils.invokeMethodWithArray(ReflectionUtils.java:189)
	at org.apache.maven.surefire.booter.ProviderFactory$ProviderProxy.invoke(ProviderFactory.java:165)
	at org.apache.maven.surefire.booter.ProviderFactory.invokeProvider(ProviderFactory.java:85)
	at org.apache.maven.surefire.booter.ForkedBooter.runSuitesInProcess(ForkedBooter.java:115)
	at org.apache.maven.surefire.booter.ForkedBooter.main(ForkedBooter.java:75)
</failure>
  </testcase>
</testsuite>